2019-03-14 14:33:25,859 [INFO] from application in ForkJoinPool-1-worker-1 - Creating Pool for datasource 'default'
2019-03-14 14:33:26,513 [INFO] from play.api.db.DefaultDBApi in ForkJoinPool-1-worker-1 - Database [default] connected at jdbc:h2:file:./data/productsDB
2019-03-14 14:33:28,190 [INFO] from application in ForkJoinPool-1-worker-1 - ApplicationTimer demo: Starting application at 2019-03-14T14:33:28.181Z
2019-03-14 14:33:29,227 [INFO] from play.api.Play in ForkJoinPool-1-worker-1 - Application started (Dev)
2019-03-14 14:38:32,246 [INFO] from application in application-akka.actor.default-dispatcher-16 - ApplicationTimer demo: Stopping application at 2019-03-14T14:38:32.246Z after 304s.
2019-03-14 14:38:32,335 [INFO] from application in application-akka.actor.default-dispatcher-16 - Shutting down connection pool.
2019-03-14 14:38:32,782 [INFO] from application in application-akka.actor.default-dispatcher-16 - Creating Pool for datasource 'default'
2019-03-14 14:38:32,860 [INFO] from play.api.db.DefaultDBApi in application-akka.actor.default-dispatcher-16 - Database [default] connected at jdbc:h2:file:./data/productsDB
2019-03-14 14:38:33,048 [INFO] from application in application-akka.actor.default-dispatcher-16 - ApplicationTimer demo: Starting application at 2019-03-14T14:38:33.048Z
2019-03-14 14:38:33,235 [INFO] from play.api.Play in application-akka.actor.default-dispatcher-16 - Application started (Dev)
2019-03-14 14:39:38,532 [INFO] from application in application-akka.actor.default-dispatcher-12 - ApplicationTimer demo: Stopping application at 2019-03-14T14:39:38.532Z after 65s.
2019-03-14 14:39:38,534 [INFO] from application in application-akka.actor.default-dispatcher-12 - Shutting down connection pool.
2019-03-14 14:39:38,807 [INFO] from application in application-akka.actor.default-dispatcher-12 - Creating Pool for datasource 'default'
2019-03-14 14:39:38,880 [INFO] from play.api.db.DefaultDBApi in application-akka.actor.default-dispatcher-12 - Database [default] connected at jdbc:h2:file:./data/productsDB
2019-03-14 14:39:39,004 [INFO] from application in application-akka.actor.default-dispatcher-12 - ApplicationTimer demo: Starting application at 2019-03-14T14:39:39.004Z
2019-03-14 14:39:39,151 [INFO] from play.api.Play in application-akka.actor.default-dispatcher-12 - Application started (Dev)
2019-03-14 14:39:41,518 [DEBUG] from application in application-akka.actor.default-dispatcher-7 - id: eoin@sneakersan.com
2019-03-14 14:40:59,285 [ERROR] from application in netty-event-loop-1 - 

! @7b7moifmg - Internal server error, for (GET) [/] ->
 
play.sbt.PlayExceptions$CompilationException: Compilation error[reassignment to val]
	at play.sbt.PlayExceptions$CompilationException$.apply(PlayExceptions.scala:27)
	at play.sbt.PlayExceptions$CompilationException$.apply(PlayExceptions.scala:27)
	at scala.Option.map(Option.scala:145)
	at play.sbt.run.PlayReload$$anonfun$taskFailureHandler$1.apply(PlayReload.scala:49)
	at play.sbt.run.PlayReload$$anonfun$taskFailureHandler$1.apply(PlayReload.scala:44)
	at scala.Option.map(Option.scala:145)
	at play.sbt.run.PlayReload$.taskFailureHandler(PlayReload.scala:44)
	at play.sbt.run.PlayReload$.compileFailure(PlayReload.scala:40)
	at play.sbt.run.PlayReload$$anonfun$compile$1.apply(PlayReload.scala:17)
	at play.sbt.run.PlayReload$$anonfun$compile$1.apply(PlayReload.scala:17)
	at scala.util.Either$LeftProjection.map(Either.scala:377)
	at play.sbt.run.PlayReload$.compile(PlayReload.scala:17)
	at play.sbt.run.PlayRun$$anonfun$playRunTask$1$$anonfun$apply$2$$anonfun$apply$3$$anonfun$2.apply(PlayRun.scala:61)
	at play.sbt.run.PlayRun$$anonfun$playRunTask$1$$anonfun$apply$2$$anonfun$apply$3$$anonfun$2.apply(PlayRun.scala:61)
	at play.runsupport.Reloader$$anonfun$reload$1.apply(Reloader.scala:339)
	at play.runsupport.Reloader$$anon$3.run(Reloader.scala:44)
	at java.security.AccessController.doPrivileged(Native Method)
	at play.runsupport.Reloader$.play$runsupport$Reloader$$withReloaderContextClassLoader(Reloader.scala:40)
	at play.runsupport.Reloader.reload(Reloader.scala:337)
	at play.core.server.DevServerStart$$anonfun$mainDev$1$$anon$1$$anonfun$get$1.apply(DevServerStart.scala:123)
	at play.core.server.DevServerStart$$anonfun$mainDev$1$$anon$1$$anonfun$get$1.apply(DevServerStart.scala:121)
	at scala.concurrent.impl.Future$PromiseCompletingRunnable.liftedTree1$1(Future.scala:24)
	at scala.concurrent.impl.Future$PromiseCompletingRunnable.run(Future.scala:24)
	at akka.dispatch.TaskInvocation.run(AbstractDispatcher.scala:39)
	at akka.dispatch.ForkJoinExecutorConfigurator$AkkaForkJoinTask.exec(AbstractDispatcher.scala:409)
	at scala.concurrent.forkjoin.ForkJoinTask.doExec(ForkJoinTask.java:260)
	at scala.concurrent.forkjoin.ForkJoinPool$WorkQueue.runTask(ForkJoinPool.java:1339)
	at scala.concurrent.forkjoin.ForkJoinPool.runWorker(ForkJoinPool.java:1979)
	at scala.concurrent.forkjoin.ForkJoinWorkerThread.run(ForkJoinWorkerThread.java:107)
2019-03-14 14:42:09,246 [INFO] from application in application-akka.actor.default-dispatcher-9 - ApplicationTimer demo: Stopping application at 2019-03-14T14:42:09.246Z after 150s.
2019-03-14 14:42:09,258 [INFO] from application in application-akka.actor.default-dispatcher-9 - Shutting down connection pool.
2019-03-14 14:42:09,591 [INFO] from application in application-akka.actor.default-dispatcher-9 - Creating Pool for datasource 'default'
2019-03-14 14:42:09,653 [INFO] from play.api.db.DefaultDBApi in application-akka.actor.default-dispatcher-9 - Database [default] connected at jdbc:h2:file:./data/productsDB
2019-03-14 14:42:09,741 [INFO] from application in application-akka.actor.default-dispatcher-9 - ApplicationTimer demo: Starting application at 2019-03-14T14:42:09.741Z
2019-03-14 14:42:09,836 [INFO] from play.api.Play in application-akka.actor.default-dispatcher-9 - Application started (Dev)
2019-03-14 14:49:07,530 [ERROR] from application in netty-event-loop-1 - 

! @7b7mpka5d - Internal server error, for (GET) [/] ->
 
play.sbt.PlayExceptions$CompilationException: Compilation error[reassignment to val]
	at play.sbt.PlayExceptions$CompilationException$.apply(PlayExceptions.scala:27)
	at play.sbt.PlayExceptions$CompilationException$.apply(PlayExceptions.scala:27)
	at scala.Option.map(Option.scala:145)
	at play.sbt.run.PlayReload$$anonfun$taskFailureHandler$1.apply(PlayReload.scala:49)
	at play.sbt.run.PlayReload$$anonfun$taskFailureHandler$1.apply(PlayReload.scala:44)
	at scala.Option.map(Option.scala:145)
	at play.sbt.run.PlayReload$.taskFailureHandler(PlayReload.scala:44)
	at play.sbt.run.PlayReload$.compileFailure(PlayReload.scala:40)
	at play.sbt.run.PlayReload$$anonfun$compile$1.apply(PlayReload.scala:17)
	at play.sbt.run.PlayReload$$anonfun$compile$1.apply(PlayReload.scala:17)
	at scala.util.Either$LeftProjection.map(Either.scala:377)
	at play.sbt.run.PlayReload$.compile(PlayReload.scala:17)
	at play.sbt.run.PlayRun$$anonfun$playRunTask$1$$anonfun$apply$2$$anonfun$apply$3$$anonfun$2.apply(PlayRun.scala:61)
	at play.sbt.run.PlayRun$$anonfun$playRunTask$1$$anonfun$apply$2$$anonfun$apply$3$$anonfun$2.apply(PlayRun.scala:61)
	at play.runsupport.Reloader$$anonfun$reload$1.apply(Reloader.scala:339)
	at play.runsupport.Reloader$$anon$3.run(Reloader.scala:44)
	at java.security.AccessController.doPrivileged(Native Method)
	at play.runsupport.Reloader$.play$runsupport$Reloader$$withReloaderContextClassLoader(Reloader.scala:40)
	at play.runsupport.Reloader.reload(Reloader.scala:337)
	at play.core.server.DevServerStart$$anonfun$mainDev$1$$anon$1$$anonfun$get$1.apply(DevServerStart.scala:123)
	at play.core.server.DevServerStart$$anonfun$mainDev$1$$anon$1$$anonfun$get$1.apply(DevServerStart.scala:121)
	at scala.concurrent.impl.Future$PromiseCompletingRunnable.liftedTree1$1(Future.scala:24)
	at scala.concurrent.impl.Future$PromiseCompletingRunnable.run(Future.scala:24)
	at akka.dispatch.TaskInvocation.run(AbstractDispatcher.scala:39)
	at akka.dispatch.ForkJoinExecutorConfigurator$AkkaForkJoinTask.exec(AbstractDispatcher.scala:409)
	at scala.concurrent.forkjoin.ForkJoinTask.doExec(ForkJoinTask.java:260)
	at scala.concurrent.forkjoin.ForkJoinPool$WorkQueue.runTask(ForkJoinPool.java:1339)
	at scala.concurrent.forkjoin.ForkJoinPool.runWorker(ForkJoinPool.java:1979)
	at scala.concurrent.forkjoin.ForkJoinWorkerThread.run(ForkJoinWorkerThread.java:107)
2019-03-14 14:49:29,417 [INFO] from application in application-akka.actor.default-dispatcher-6 - ApplicationTimer demo: Stopping application at 2019-03-14T14:49:29.417Z after 440s.
2019-03-14 14:49:29,420 [INFO] from application in application-akka.actor.default-dispatcher-6 - Shutting down connection pool.
2019-03-14 14:49:29,663 [INFO] from application in application-akka.actor.default-dispatcher-6 - Creating Pool for datasource 'default'
2019-03-14 14:49:29,730 [INFO] from play.api.db.DefaultDBApi in application-akka.actor.default-dispatcher-6 - Database [default] connected at jdbc:h2:file:./data/productsDB
2019-03-14 14:49:29,835 [INFO] from application in application-akka.actor.default-dispatcher-6 - ApplicationTimer demo: Starting application at 2019-03-14T14:49:29.835Z
2019-03-14 14:49:29,941 [INFO] from play.api.Play in application-akka.actor.default-dispatcher-6 - Application started (Dev)
2019-03-14 14:56:29,416 [INFO] from application in application-akka.actor.default-dispatcher-5 - ApplicationTimer demo: Stopping application at 2019-03-14T14:56:29.416Z after 420s.
2019-03-14 14:56:29,417 [INFO] from application in application-akka.actor.default-dispatcher-5 - Shutting down connection pool.
2019-03-14 14:56:29,664 [INFO] from application in application-akka.actor.default-dispatcher-5 - Creating Pool for datasource 'default'
2019-03-14 14:56:29,742 [INFO] from play.api.db.DefaultDBApi in application-akka.actor.default-dispatcher-5 - Database [default] connected at jdbc:h2:file:./data/productsDB
2019-03-14 14:56:29,806 [INFO] from application in application-akka.actor.default-dispatcher-5 - ApplicationTimer demo: Starting application at 2019-03-14T14:56:29.806Z
2019-03-14 14:56:29,896 [INFO] from play.api.Play in application-akka.actor.default-dispatcher-5 - Application started (Dev)
2019-03-14 14:58:05,628 [INFO] from application in application-akka.actor.default-dispatcher-17 - ApplicationTimer demo: Stopping application at 2019-03-14T14:58:05.628Z after 96s.
2019-03-14 14:58:05,629 [INFO] from application in application-akka.actor.default-dispatcher-17 - Shutting down connection pool.
2019-03-14 14:58:05,785 [INFO] from application in application-akka.actor.default-dispatcher-17 - Creating Pool for datasource 'default'
2019-03-14 14:58:05,816 [INFO] from play.api.db.DefaultDBApi in application-akka.actor.default-dispatcher-17 - Database [default] connected at jdbc:h2:file:./data/productsDB
2019-03-14 14:58:05,892 [INFO] from application in application-akka.actor.default-dispatcher-17 - ApplicationTimer demo: Starting application at 2019-03-14T14:58:05.892Z
2019-03-14 14:58:06,033 [INFO] from play.api.Play in application-akka.actor.default-dispatcher-17 - Application started (Dev)
2019-03-14 14:58:59,798 [INFO] from application in application-akka.actor.default-dispatcher-6 - ApplicationTimer demo: Stopping application at 2019-03-14T14:58:59.798Z after 54s.
2019-03-14 14:58:59,800 [INFO] from application in application-akka.actor.default-dispatcher-6 - Shutting down connection pool.
2019-03-14 14:59:00,001 [INFO] from application in application-akka.actor.default-dispatcher-6 - Creating Pool for datasource 'default'
2019-03-14 14:59:00,045 [INFO] from play.api.db.DefaultDBApi in application-akka.actor.default-dispatcher-6 - Database [default] connected at jdbc:h2:file:./data/productsDB
2019-03-14 14:59:00,118 [INFO] from application in application-akka.actor.default-dispatcher-6 - ApplicationTimer demo: Starting application at 2019-03-14T14:59:00.118Z
2019-03-14 14:59:00,222 [INFO] from play.api.Play in application-akka.actor.default-dispatcher-6 - Application started (Dev)
2019-03-14 14:59:37,691 [INFO] from application in application-akka.actor.default-dispatcher-3 - ApplicationTimer demo: Stopping application at 2019-03-14T14:59:37.691Z after 37s.
2019-03-14 14:59:37,691 [INFO] from application in application-akka.actor.default-dispatcher-3 - Shutting down connection pool.
2019-03-14 14:59:37,888 [INFO] from application in application-akka.actor.default-dispatcher-3 - Creating Pool for datasource 'default'
2019-03-14 14:59:37,925 [INFO] from play.api.db.DefaultDBApi in application-akka.actor.default-dispatcher-3 - Database [default] connected at jdbc:h2:file:./data/productsDB
2019-03-14 14:59:37,984 [INFO] from application in application-akka.actor.default-dispatcher-3 - ApplicationTimer demo: Starting application at 2019-03-14T14:59:37.984Z
2019-03-14 14:59:38,080 [INFO] from play.api.Play in application-akka.actor.default-dispatcher-3 - Application started (Dev)
2019-03-14 15:00:16,812 [INFO] from application in application-akka.actor.default-dispatcher-7 - ApplicationTimer demo: Stopping application at 2019-03-14T15:00:16.812Z after 39s.
2019-03-14 15:00:16,814 [INFO] from application in application-akka.actor.default-dispatcher-7 - Shutting down connection pool.
2019-03-14 15:00:16,998 [INFO] from application in application-akka.actor.default-dispatcher-7 - Creating Pool for datasource 'default'
2019-03-14 15:00:17,055 [INFO] from play.api.db.DefaultDBApi in application-akka.actor.default-dispatcher-7 - Database [default] connected at jdbc:h2:file:./data/productsDB
2019-03-14 15:00:17,105 [INFO] from application in application-akka.actor.default-dispatcher-7 - ApplicationTimer demo: Starting application at 2019-03-14T15:00:17.105Z
2019-03-14 15:00:17,223 [INFO] from play.api.Play in application-akka.actor.default-dispatcher-7 - Application started (Dev)
2019-03-14 15:04:47,931 [DEBUG] from application in application-akka.actor.default-dispatcher-27 - id: user@sneakersan.com
2019-03-14 15:06:33,381 [ERROR] from application in netty-event-loop-1 - 

! @7b7n21n9n - Internal server error, for (GET) [/] ->
 
play.sbt.PlayExceptions$CompilationException: Compilation error[value =! is not a member of models.User]
	at play.sbt.PlayExceptions$CompilationException$.apply(PlayExceptions.scala:27)
	at play.sbt.PlayExceptions$CompilationException$.apply(PlayExceptions.scala:27)
	at scala.Option.map(Option.scala:145)
	at play.sbt.run.PlayReload$$anonfun$taskFailureHandler$1.apply(PlayReload.scala:49)
	at play.sbt.run.PlayReload$$anonfun$taskFailureHandler$1.apply(PlayReload.scala:44)
	at scala.Option.map(Option.scala:145)
	at play.sbt.run.PlayReload$.taskFailureHandler(PlayReload.scala:44)
	at play.sbt.run.PlayReload$.compileFailure(PlayReload.scala:40)
	at play.sbt.run.PlayReload$$anonfun$compile$1.apply(PlayReload.scala:17)
	at play.sbt.run.PlayReload$$anonfun$compile$1.apply(PlayReload.scala:17)
	at scala.util.Either$LeftProjection.map(Either.scala:377)
	at play.sbt.run.PlayReload$.compile(PlayReload.scala:17)
	at play.sbt.run.PlayRun$$anonfun$playRunTask$1$$anonfun$apply$2$$anonfun$apply$3$$anonfun$2.apply(PlayRun.scala:61)
	at play.sbt.run.PlayRun$$anonfun$playRunTask$1$$anonfun$apply$2$$anonfun$apply$3$$anonfun$2.apply(PlayRun.scala:61)
	at play.runsupport.Reloader$$anonfun$reload$1.apply(Reloader.scala:339)
	at play.runsupport.Reloader$$anon$3.run(Reloader.scala:44)
	at java.security.AccessController.doPrivileged(Native Method)
	at play.runsupport.Reloader$.play$runsupport$Reloader$$withReloaderContextClassLoader(Reloader.scala:40)
	at play.runsupport.Reloader.reload(Reloader.scala:337)
	at play.core.server.DevServerStart$$anonfun$mainDev$1$$anon$1$$anonfun$get$1.apply(DevServerStart.scala:123)
	at play.core.server.DevServerStart$$anonfun$mainDev$1$$anon$1$$anonfun$get$1.apply(DevServerStart.scala:121)
	at scala.concurrent.impl.Future$PromiseCompletingRunnable.liftedTree1$1(Future.scala:24)
	at scala.concurrent.impl.Future$PromiseCompletingRunnable.run(Future.scala:24)
	at akka.dispatch.TaskInvocation.run(AbstractDispatcher.scala:39)
	at akka.dispatch.ForkJoinExecutorConfigurator$AkkaForkJoinTask.exec(AbstractDispatcher.scala:409)
	at scala.concurrent.forkjoin.ForkJoinTask.doExec(ForkJoinTask.java:260)
	at scala.concurrent.forkjoin.ForkJoinPool$WorkQueue.runTask(ForkJoinPool.java:1339)
	at scala.concurrent.forkjoin.ForkJoinPool.runWorker(ForkJoinPool.java:1979)
	at scala.concurrent.forkjoin.ForkJoinWorkerThread.run(ForkJoinWorkerThread.java:107)
2019-03-14 15:07:08,323 [INFO] from application in application-akka.actor.default-dispatcher-20 - ApplicationTimer demo: Stopping application at 2019-03-14T15:07:08.322Z after 411s.
2019-03-14 15:07:08,323 [INFO] from application in application-akka.actor.default-dispatcher-20 - Shutting down connection pool.
2019-03-14 15:07:08,487 [INFO] from application in application-akka.actor.default-dispatcher-20 - Creating Pool for datasource 'default'
2019-03-14 15:07:08,536 [INFO] from play.api.db.DefaultDBApi in application-akka.actor.default-dispatcher-20 - Database [default] connected at jdbc:h2:file:./data/productsDB
2019-03-14 15:07:08,600 [INFO] from application in application-akka.actor.default-dispatcher-20 - ApplicationTimer demo: Starting application at 2019-03-14T15:07:08.600Z
2019-03-14 15:07:08,724 [INFO] from play.api.Play in application-akka.actor.default-dispatcher-20 - Application started (Dev)
2019-03-14 15:09:07,403 [DEBUG] from application in application-akka.actor.default-dispatcher-18 - id: eoin@sneakersan.com
2019-03-14 15:13:57,312 [INFO] from application in pool-4-thread-7 - ApplicationTimer demo: Stopping application at 2019-03-14T15:13:57.312Z after 409s.
2019-03-14 15:13:57,329 [INFO] from application in pool-4-thread-7 - Shutting down connection pool.
